0 info it worked if it ends with ok
1 verbose cli [ '/Users/Q/.nvm/versions/node/v4.4.4/bin/node',
1 verbose cli   '/Users/Q/.nvm/versions/node/v4.4.4/bin/npm',
1 verbose cli   'run',
1 verbose cli   'gulp' ]
2 info using npm@2.15.1
3 info using node@v4.4.4
4 verbose run-script [ 'pregulp', 'gulp', 'postgulp' ]
5 info pregulp d7@1.0.0
6 info gulp d7@1.0.0
7 verbose unsafe-perm in lifecycle true
8 info d7@1.0.0 Failed to exec gulp script
9 verbose stack Error: d7@1.0.0 gulp: `node ./node_modules/gulp/bin/gulp.js`
9 verbose stack Exit status 1
9 verbose stack     at EventEmitter.<anonymous> (/Users/Q/.nvm/versions/node/v4.4.4/lib/node_modules/npm/lib/utils/lifecycle.js:217:16)
9 verbose stack     at emitTwo (events.js:87:13)
9 verbose stack     at EventEmitter.emit (events.js:172:7)
9 verbose stack     at ChildProcess.<anonymous> (/Users/Q/.nvm/versions/node/v4.4.4/lib/node_modules/npm/lib/utils/spawn.js:24:14)
9 verbose stack     at emitTwo (events.js:87:13)
9 verbose stack     at ChildProcess.emit (events.js:172:7)
9 verbose stack     at maybeClose (internal/child_process.js:827:16)
9 verbose stack     at Process.ChildProcess._handle.onexit (internal/child_process.js:211:5)
10 verbose pkgid d7@1.0.0
11 verbose cwd /Users/Q/Dropbox/Codestates/Immersive/D7
12 error Darwin 15.5.0
13 error argv "/Users/Q/.nvm/versions/node/v4.4.4/bin/node" "/Users/Q/.nvm/versions/node/v4.4.4/bin/npm" "run" "gulp"
14 error node v4.4.4
15 error npm  v2.15.1
16 error code ELIFECYCLE
17 error d7@1.0.0 gulp: `node ./node_modules/gulp/bin/gulp.js`
17 error Exit status 1
18 error Failed at the d7@1.0.0 gulp script 'node ./node_modules/gulp/bin/gulp.js'.
18 error This is most likely a problem with the d7 package,
18 error not with npm itself.
18 error Tell the author that this fails on your system:
18 error     node ./node_modules/gulp/bin/gulp.js
18 error You can get information on how to open an issue for this project with:
18 error     npm bugs d7
18 error Or if that isn't available, you can get their info via:
18 error
18 error     npm owner ls d7
18 error There is likely additional logging output above.
19 verbose exit [ 1, true ]
